<?xml version="1.0" encoding="UTF-8"?>
<robot generator="Robot 4.0.2 (Python 3.8.3 on win32)" generated="20210521 17:53:08.855" rpa="false" schemaversion="2">
<suite id="s1" name="invalid createClass" source="C:\Users\tysda\Desktop\RobotFramework\classCreation_tests\invalid_createClass.robot">
<kw name="Open Browser To Create Class Page" library="resource_createClass" type="SETUP">
<kw name="Open Browser" library="SeleniumLibrary">
<arg>${CLASSCREATE URL}</arg>
<arg>${BROWSER}</arg>
<doc>Opens a new browser instance to the optional ``url``.</doc>
<msg timestamp="20210521 17:53:09.089" level="INFO">Opening browser 'Firefox' to base url 'http://localhost:7272/createClass.html'.</msg>
<msg timestamp="20210521 17:53:09.089" level="INFO">Firefox driver log is always forced to to: C:\Users\tysda\Desktop\RobotFramework\classCreation_tests\geckodriver-3.log</msg>
<status status="PASS" starttime="20210521 17:53:09.089" endtime="20210521 17:53:15.536"/>
</kw>
<kw name="Maximize Browser Window" library="SeleniumLibrary">
<doc>Maximizes current browser window.</doc>
<status status="PASS" starttime="20210521 17:53:15.536" endtime="20210521 17:53:15.853"/>
</kw>
<kw name="Set Selenium Speed" library="SeleniumLibrary">
<arg>${DELAY}</arg>
<doc>Sets the delay that is waited after each Selenium command.</doc>
<status status="PASS" starttime="20210521 17:53:15.853" endtime="20210521 17:53:15.853"/>
</kw>
<kw name="Create Class Page Should Be Open" library="resource_createClass">
<kw name="Title Should Be" library="SeleniumLibrary">
<arg>Create Class Page</arg>
<doc>Verifies that the current page title equals ``title``.</doc>
<msg timestamp="20210521 17:53:15.853" level="INFO">Page title is 'Create Class Page'.</msg>
<status status="PASS" starttime="20210521 17:53:15.853" endtime="20210521 17:53:15.853"/>
</kw>
<status status="PASS" starttime="20210521 17:53:15.853" endtime="20210521 17:53:15.853"/>
</kw>
<status status="PASS" starttime="20210521 17:53:09.089" endtime="20210521 17:53:15.853"/>
</kw>
<test id="s1-t1" name="Empty Title">
<kw name="Go To Create Class Page" library="resource_createClass" type="SETUP">
<kw name="Go To" library="SeleniumLibrary">
<arg>${CLASSCREATE URL}</arg>
<doc>Navigates the current browser window to the provided ``url``.</doc>
<msg timestamp="20210521 17:53:15.853" level="INFO">Opening url 'http://localhost:7272/createClass.html'</msg>
<status status="PASS" starttime="20210521 17:53:15.853" endtime="20210521 17:53:15.884"/>
</kw>
<kw name="Create Class Page Should Be Open" library="resource_createClass">
<kw name="Title Should Be" library="SeleniumLibrary">
<arg>Create Class Page</arg>
<doc>Verifies that the current page title equals ``title``.</doc>
<msg timestamp="20210521 17:53:15.884" level="INFO">Page title is 'Create Class Page'.</msg>
<status status="PASS" starttime="20210521 17:53:15.884" endtime="20210521 17:53:15.884"/>
</kw>
<status status="PASS" starttime="20210521 17:53:15.884" endtime="20210521 17:53:15.884"/>
</kw>
<status status="PASS" starttime="20210521 17:53:15.853" endtime="20210521 17:53:15.884"/>
</kw>
<kw name="Login With Invalid Credentials Should Fail">
<arg>${EMPTY}</arg>
<arg>whatever</arg>
<arg>${VALID DIFFICULTY}</arg>
<arg>${VALID LANGUAGE}</arg>
<kw name="Input Title" library="resource_createClass">
<arg>${title}</arg>
<kw name="Input Text" library="SeleniumLibrary">
<arg>title_field</arg>
<arg>${title}</arg>
<doc>Types the given ``text`` into the text field identified by ``locator``.</doc>
<msg timestamp="20210521 17:53:15.884" level="INFO">Typing text '' into text field 'title_field'.</msg>
<status status="PASS" starttime="20210521 17:53:15.884" endtime="20210521 17:53:15.915"/>
</kw>
<status status="PASS" starttime="20210521 17:53:15.884" endtime="20210521 17:53:15.915"/>
</kw>
<kw name="Input Description" library="resource_createClass">
<arg>${description}</arg>
<kw name="Input Text" library="SeleniumLibrary">
<arg>description_field</arg>
<arg>${description}</arg>
<doc>Types the given ``text`` into the text field identified by ``locator``.</doc>
<msg timestamp="20210521 17:53:15.915" level="INFO">Typing text 'whatever' into text field 'description_field'.</msg>
<status status="PASS" starttime="20210521 17:53:15.915" endtime="20210521 17:53:15.937"/>
</kw>
<status status="PASS" starttime="20210521 17:53:15.915" endtime="20210521 17:53:15.937"/>
</kw>
<kw name="Select Difficulty" library="resource_createClass">
<arg>${difficulty}</arg>
<kw name="Select From List By Value" library="SeleniumLibrary">
<arg>difficulty_field</arg>
<arg>${difficulty}</arg>
<doc>Selects options from selection list ``locator`` by ``values``.</doc>
<msg timestamp="20210521 17:53:15.937" level="INFO">Selecting options from selection list 'difficulty_field' by value 1.</msg>
<status status="PASS" starttime="20210521 17:53:15.937" endtime="20210521 17:53:16.185"/>
</kw>
<status status="PASS" starttime="20210521 17:53:15.937" endtime="20210521 17:53:16.185"/>
</kw>
<kw name="Select Language" library="resource_createClass">
<arg>${language}</arg>
<kw name="Select From List By Value" library="SeleniumLibrary">
<arg>language_field</arg>
<arg>${language}</arg>
<doc>Selects options from selection list ``locator`` by ``values``.</doc>
<msg timestamp="20210521 17:53:16.185" level="INFO">Selecting options from selection list 'language_field' by value 1.</msg>
<status status="PASS" starttime="20210521 17:53:16.185" endtime="20210521 17:53:16.439"/>
</kw>
<status status="PASS" starttime="20210521 17:53:16.185" endtime="20210521 17:53:16.439"/>
</kw>
<kw name="Submit Credentials" library="resource_createClass">
<kw name="Click Button" library="SeleniumLibrary">
<arg>submit_button</arg>
<doc>Clicks the button identified by ``locator``.</doc>
<msg timestamp="20210521 17:53:16.439" level="INFO">Clicking button 'submit_button'.</msg>
<status status="PASS" starttime="20210521 17:53:16.439" endtime="20210521 17:53:16.501"/>
</kw>
<status status="PASS" starttime="20210521 17:53:16.439" endtime="20210521 17:53:16.501"/>
</kw>
<kw name="Login Should Have Failed">
<kw name="Location Should Be" library="SeleniumLibrary">
<arg>${ERROR URL}</arg>
<doc>Verifies that the current URL is exactly ``url``.</doc>
<msg timestamp="20210521 17:53:16.501" level="INFO">Current location is 'http://localhost:7272/calssCreationError.html'.</msg>
<status status="PASS" starttime="20210521 17:53:16.501" endtime="20210521 17:53:16.501"/>
</kw>
<kw name="Title Should Be" library="SeleniumLibrary">
<arg>Error Page</arg>
<doc>Verifies that the current page title equals ``title``.</doc>
<msg timestamp="20210521 17:53:16.517" level="INFO">Page title is 'Error Page'.</msg>
<status status="PASS" starttime="20210521 17:53:16.501" endtime="20210521 17:53:16.517"/>
</kw>
<status status="PASS" starttime="20210521 17:53:16.501" endtime="20210521 17:53:16.517"/>
</kw>
<status status="PASS" starttime="20210521 17:53:15.884" endtime="20210521 17:53:16.517"/>
</kw>
<status status="PASS" starttime="20210521 17:53:15.853" endtime="20210521 17:53:16.517"/>
</test>
<test id="s1-t2" name="Empty Description">
<kw name="Go To Create Class Page" library="resource_createClass" type="SETUP">
<kw name="Go To" library="SeleniumLibrary">
<arg>${CLASSCREATE URL}</arg>
<doc>Navigates the current browser window to the provided ``url``.</doc>
<msg timestamp="20210521 17:53:16.517" level="INFO">Opening url 'http://localhost:7272/createClass.html'</msg>
<status status="PASS" starttime="20210521 17:53:16.517" endtime="20210521 17:53:16.539"/>
</kw>
<kw name="Create Class Page Should Be Open" library="resource_createClass">
<kw name="Title Should Be" library="SeleniumLibrary">
<arg>Create Class Page</arg>
<doc>Verifies that the current page title equals ``title``.</doc>
<msg timestamp="20210521 17:53:16.539" level="INFO">Page title is 'Create Class Page'.</msg>
<status status="PASS" starttime="20210521 17:53:16.539" endtime="20210521 17:53:16.539"/>
</kw>
<status status="PASS" starttime="20210521 17:53:16.539" endtime="20210521 17:53:16.539"/>
</kw>
<status status="PASS" starttime="20210521 17:53:16.517" endtime="20210521 17:53:16.539"/>
</kw>
<kw name="Login With Invalid Credentials Should Fail">
<arg>whatever</arg>
<arg>${EMPTY}</arg>
<arg>${VALID DIFFICULTY}</arg>
<arg>${VALID LANGUAGE}</arg>
<kw name="Input Title" library="resource_createClass">
<arg>${title}</arg>
<kw name="Input Text" library="SeleniumLibrary">
<arg>title_field</arg>
<arg>${title}</arg>
<doc>Types the given ``text`` into the text field identified by ``locator``.</doc>
<msg timestamp="20210521 17:53:16.539" level="INFO">Typing text 'whatever' into text field 'title_field'.</msg>
<status status="PASS" starttime="20210521 17:53:16.539" endtime="20210521 17:53:16.570"/>
</kw>
<status status="PASS" starttime="20210521 17:53:16.539" endtime="20210521 17:53:16.570"/>
</kw>
<kw name="Input Description" library="resource_createClass">
<arg>${description}</arg>
<kw name="Input Text" library="SeleniumLibrary">
<arg>description_field</arg>
<arg>${description}</arg>
<doc>Types the given ``text`` into the text field identified by ``locator``.</doc>
<msg timestamp="20210521 17:53:16.570" level="INFO">Typing text '' into text field 'description_field'.</msg>
<status status="PASS" starttime="20210521 17:53:16.570" endtime="20210521 17:53:16.570"/>
</kw>
<status status="PASS" starttime="20210521 17:53:16.570" endtime="20210521 17:53:16.570"/>
</kw>
<kw name="Select Difficulty" library="resource_createClass">
<arg>${difficulty}</arg>
<kw name="Select From List By Value" library="SeleniumLibrary">
<arg>difficulty_field</arg>
<arg>${difficulty}</arg>
<doc>Selects options from selection list ``locator`` by ``values``.</doc>
<msg timestamp="20210521 17:53:16.570" level="INFO">Selecting options from selection list 'difficulty_field' by value 1.</msg>
<status status="PASS" starttime="20210521 17:53:16.570" endtime="20210521 17:53:16.818"/>
</kw>
<status status="PASS" starttime="20210521 17:53:16.570" endtime="20210521 17:53:16.818"/>
</kw>
<kw name="Select Language" library="resource_createClass">
<arg>${language}</arg>
<kw name="Select From List By Value" library="SeleniumLibrary">
<arg>language_field</arg>
<arg>${language}</arg>
<doc>Selects options from selection list ``locator`` by ``values``.</doc>
<msg timestamp="20210521 17:53:16.818" level="INFO">Selecting options from selection list 'language_field' by value 1.</msg>
<status status="PASS" starttime="20210521 17:53:16.818" endtime="20210521 17:53:17.040"/>
</kw>
<status status="PASS" starttime="20210521 17:53:16.818" endtime="20210521 17:53:17.040"/>
</kw>
<kw name="Submit Credentials" library="resource_createClass">
<kw name="Click Button" library="SeleniumLibrary">
<arg>submit_button</arg>
<doc>Clicks the button identified by ``locator``.</doc>
<msg timestamp="20210521 17:53:17.040" level="INFO">Clicking button 'submit_button'.</msg>
<status status="PASS" starttime="20210521 17:53:17.040" endtime="20210521 17:53:17.072"/>
</kw>
<status status="PASS" starttime="20210521 17:53:17.040" endtime="20210521 17:53:17.072"/>
</kw>
<kw name="Login Should Have Failed">
<kw name="Location Should Be" library="SeleniumLibrary">
<arg>${ERROR URL}</arg>
<doc>Verifies that the current URL is exactly ``url``.</doc>
<msg timestamp="20210521 17:53:17.087" level="INFO">Current location is 'http://localhost:7272/calssCreationError.html'.</msg>
<status status="PASS" starttime="20210521 17:53:17.072" endtime="20210521 17:53:17.087"/>
</kw>
<kw name="Title Should Be" library="SeleniumLibrary">
<arg>Error Page</arg>
<doc>Verifies that the current page title equals ``title``.</doc>
<msg timestamp="20210521 17:53:17.087" level="INFO">Page title is 'Error Page'.</msg>
<status status="PASS" starttime="20210521 17:53:17.087" endtime="20210521 17:53:17.087"/>
</kw>
<status status="PASS" starttime="20210521 17:53:17.072" endtime="20210521 17:53:17.087"/>
</kw>
<status status="PASS" starttime="20210521 17:53:16.539" endtime="20210521 17:53:17.087"/>
</kw>
<status status="PASS" starttime="20210521 17:53:16.517" endtime="20210521 17:53:17.087"/>
</test>
<test id="s1-t3" name="Empty Difficulty">
<kw name="Go To Create Class Page" library="resource_createClass" type="SETUP">
<kw name="Go To" library="SeleniumLibrary">
<arg>${CLASSCREATE URL}</arg>
<doc>Navigates the current browser window to the provided ``url``.</doc>
<msg timestamp="20210521 17:53:17.087" level="INFO">Opening url 'http://localhost:7272/createClass.html'</msg>
<status status="PASS" starttime="20210521 17:53:17.087" endtime="20210521 17:53:17.119"/>
</kw>
<kw name="Create Class Page Should Be Open" library="resource_createClass">
<kw name="Title Should Be" library="SeleniumLibrary">
<arg>Create Class Page</arg>
<doc>Verifies that the current page title equals ``title``.</doc>
<msg timestamp="20210521 17:53:17.119" level="INFO">Page title is 'Create Class Page'.</msg>
<status status="PASS" starttime="20210521 17:53:17.119" endtime="20210521 17:53:17.119"/>
</kw>
<status status="PASS" starttime="20210521 17:53:17.119" endtime="20210521 17:53:17.119"/>
</kw>
<status status="PASS" starttime="20210521 17:53:17.087" endtime="20210521 17:53:17.119"/>
</kw>
<kw name="Login With Invalid Credentials Should Fail">
<arg>whatever</arg>
<arg>whatever</arg>
<arg>${INVALID DIFFICULTY}</arg>
<arg>${VALID LANGUAGE}</arg>
<kw name="Input Title" library="resource_createClass">
<arg>${title}</arg>
<kw name="Input Text" library="SeleniumLibrary">
<arg>title_field</arg>
<arg>${title}</arg>
<doc>Types the given ``text`` into the text field identified by ``locator``.</doc>
<msg timestamp="20210521 17:53:17.134" level="INFO">Typing text 'whatever' into text field 'title_field'.</msg>
<status status="PASS" starttime="20210521 17:53:17.119" endtime="20210521 17:53:17.141"/>
</kw>
<status status="PASS" starttime="20210521 17:53:17.119" endtime="20210521 17:53:17.141"/>
</kw>
<kw name="Input Description" library="resource_createClass">
<arg>${description}</arg>
<kw name="Input Text" library="SeleniumLibrary">
<arg>description_field</arg>
<arg>${description}</arg>
<doc>Types the given ``text`` into the text field identified by ``locator``.</doc>
<msg timestamp="20210521 17:53:17.141" level="INFO">Typing text 'whatever' into text field 'description_field'.</msg>
<status status="PASS" starttime="20210521 17:53:17.141" endtime="20210521 17:53:17.156"/>
</kw>
<status status="PASS" starttime="20210521 17:53:17.141" endtime="20210521 17:53:17.156"/>
</kw>
<kw name="Select Difficulty" library="resource_createClass">
<arg>${difficulty}</arg>
<kw name="Select From List By Value" library="SeleniumLibrary">
<arg>difficulty_field</arg>
<arg>${difficulty}</arg>
<doc>Selects options from selection list ``locator`` by ``values``.</doc>
<msg timestamp="20210521 17:53:17.156" level="INFO">Selecting options from selection list 'difficulty_field' by value 0.</msg>
<status status="PASS" starttime="20210521 17:53:17.156" endtime="20210521 17:53:17.172"/>
</kw>
<status status="PASS" starttime="20210521 17:53:17.156" endtime="20210521 17:53:17.172"/>
</kw>
<kw name="Select Language" library="resource_createClass">
<arg>${language}</arg>
<kw name="Select From List By Value" library="SeleniumLibrary">
<arg>language_field</arg>
<arg>${language}</arg>
<doc>Selects options from selection list ``locator`` by ``values``.</doc>
<msg timestamp="20210521 17:53:17.172" level="INFO">Selecting options from selection list 'language_field' by value 1.</msg>
<status status="PASS" starttime="20210521 17:53:17.172" endtime="20210521 17:53:17.419"/>
</kw>
<status status="PASS" starttime="20210521 17:53:17.172" endtime="20210521 17:53:17.419"/>
</kw>
<kw name="Submit Credentials" library="resource_createClass">
<kw name="Click Button" library="SeleniumLibrary">
<arg>submit_button</arg>
<doc>Clicks the button identified by ``locator``.</doc>
<msg timestamp="20210521 17:53:17.419" level="INFO">Clicking button 'submit_button'.</msg>
<status status="PASS" starttime="20210521 17:53:17.419" endtime="20210521 17:53:17.457"/>
</kw>
<status status="PASS" starttime="20210521 17:53:17.419" endtime="20210521 17:53:17.457"/>
</kw>
<kw name="Login Should Have Failed">
<kw name="Location Should Be" library="SeleniumLibrary">
<arg>${ERROR URL}</arg>
<doc>Verifies that the current URL is exactly ``url``.</doc>
<msg timestamp="20210521 17:53:17.473" level="INFO">Current location is 'http://localhost:7272/calssCreationError.html'.</msg>
<status status="PASS" starttime="20210521 17:53:17.473" endtime="20210521 17:53:17.473"/>
</kw>
<kw name="Title Should Be" library="SeleniumLibrary">
<arg>Error Page</arg>
<doc>Verifies that the current page title equals ``title``.</doc>
<msg timestamp="20210521 17:53:17.473" level="INFO">Page title is 'Error Page'.</msg>
<status status="PASS" starttime="20210521 17:53:17.473" endtime="20210521 17:53:17.473"/>
</kw>
<status status="PASS" starttime="20210521 17:53:17.457" endtime="20210521 17:53:17.473"/>
</kw>
<status status="PASS" starttime="20210521 17:53:17.119" endtime="20210521 17:53:17.473"/>
</kw>
<status status="PASS" starttime="20210521 17:53:17.087" endtime="20210521 17:53:17.473"/>
</test>
<test id="s1-t4" name="Empty Language">
<kw name="Go To Create Class Page" library="resource_createClass" type="SETUP">
<kw name="Go To" library="SeleniumLibrary">
<arg>${CLASSCREATE URL}</arg>
<doc>Navigates the current browser window to the provided ``url``.</doc>
<msg timestamp="20210521 17:53:17.473" level="INFO">Opening url 'http://localhost:7272/createClass.html'</msg>
<status status="PASS" starttime="20210521 17:53:17.473" endtime="20210521 17:53:17.504"/>
</kw>
<kw name="Create Class Page Should Be Open" library="resource_createClass">
<kw name="Title Should Be" library="SeleniumLibrary">
<arg>Create Class Page</arg>
<doc>Verifies that the current page title equals ``title``.</doc>
<msg timestamp="20210521 17:53:17.504" level="INFO">Page title is 'Create Class Page'.</msg>
<status status="PASS" starttime="20210521 17:53:17.504" endtime="20210521 17:53:17.504"/>
</kw>
<status status="PASS" starttime="20210521 17:53:17.504" endtime="20210521 17:53:17.504"/>
</kw>
<status status="PASS" starttime="20210521 17:53:17.473" endtime="20210521 17:53:17.504"/>
</kw>
<kw name="Login With Invalid Credentials Should Fail">
<arg>whatever</arg>
<arg>whatever</arg>
<arg>${VALID DIFFICULTY}</arg>
<arg>${INVALID LANGUAGE}</arg>
<kw name="Input Title" library="resource_createClass">
<arg>${title}</arg>
<kw name="Input Text" library="SeleniumLibrary">
<arg>title_field</arg>
<arg>${title}</arg>
<doc>Types the given ``text`` into the text field identified by ``locator``.</doc>
<msg timestamp="20210521 17:53:17.504" level="INFO">Typing text 'whatever' into text field 'title_field'.</msg>
<status status="PASS" starttime="20210521 17:53:17.504" endtime="20210521 17:53:17.520"/>
</kw>
<status status="PASS" starttime="20210521 17:53:17.504" endtime="20210521 17:53:17.520"/>
</kw>
<kw name="Input Description" library="resource_createClass">
<arg>${description}</arg>
<kw name="Input Text" library="SeleniumLibrary">
<arg>description_field</arg>
<arg>${description}</arg>
<doc>Types the given ``text`` into the text field identified by ``locator``.</doc>
<msg timestamp="20210521 17:53:17.520" level="INFO">Typing text 'whatever' into text field 'description_field'.</msg>
<status status="PASS" starttime="20210521 17:53:17.520" endtime="20210521 17:53:17.542"/>
</kw>
<status status="PASS" starttime="20210521 17:53:17.520" endtime="20210521 17:53:17.542"/>
</kw>
<kw name="Select Difficulty" library="resource_createClass">
<arg>${difficulty}</arg>
<kw name="Select From List By Value" library="SeleniumLibrary">
<arg>difficulty_field</arg>
<arg>${difficulty}</arg>
<doc>Selects options from selection list ``locator`` by ``values``.</doc>
<msg timestamp="20210521 17:53:17.542" level="INFO">Selecting options from selection list 'difficulty_field' by value 1.</msg>
<status status="PASS" starttime="20210521 17:53:17.542" endtime="20210521 17:53:17.774"/>
</kw>
<status status="PASS" starttime="20210521 17:53:17.542" endtime="20210521 17:53:17.774"/>
</kw>
<kw name="Select Language" library="resource_createClass">
<arg>${language}</arg>
<kw name="Select From List By Value" library="SeleniumLibrary">
<arg>language_field</arg>
<arg>${language}</arg>
<doc>Selects options from selection list ``locator`` by ``values``.</doc>
<msg timestamp="20210521 17:53:17.774" level="INFO">Selecting options from selection list 'language_field' by value 0.</msg>
<status status="PASS" starttime="20210521 17:53:17.774" endtime="20210521 17:53:17.805"/>
</kw>
<status status="PASS" starttime="20210521 17:53:17.774" endtime="20210521 17:53:17.805"/>
</kw>
<kw name="Submit Credentials" library="resource_createClass">
<kw name="Click Button" library="SeleniumLibrary">
<arg>submit_button</arg>
<doc>Clicks the button identified by ``locator``.</doc>
<msg timestamp="20210521 17:53:17.805" level="INFO">Clicking button 'submit_button'.</msg>
<status status="PASS" starttime="20210521 17:53:17.805" endtime="20210521 17:53:17.858"/>
</kw>
<status status="PASS" starttime="20210521 17:53:17.805" endtime="20210521 17:53:17.858"/>
</kw>
<kw name="Login Should Have Failed">
<kw name="Location Should Be" library="SeleniumLibrary">
<arg>${ERROR URL}</arg>
<doc>Verifies that the current URL is exactly ``url``.</doc>
<msg timestamp="20210521 17:53:17.858" level="INFO">Current location is 'http://localhost:7272/calssCreationError.html'.</msg>
<status status="PASS" starttime="20210521 17:53:17.858" endtime="20210521 17:53:17.858"/>
</kw>
<kw name="Title Should Be" library="SeleniumLibrary">
<arg>Error Page</arg>
<doc>Verifies that the current page title equals ``title``.</doc>
<msg timestamp="20210521 17:53:17.858" level="INFO">Page title is 'Error Page'.</msg>
<status status="PASS" starttime="20210521 17:53:17.858" endtime="20210521 17:53:17.858"/>
</kw>
<status status="PASS" starttime="20210521 17:53:17.858" endtime="20210521 17:53:17.858"/>
</kw>
<status status="PASS" starttime="20210521 17:53:17.504" endtime="20210521 17:53:17.858"/>
</kw>
<status status="PASS" starttime="20210521 17:53:17.473" endtime="20210521 17:53:17.858"/>
</test>
<test id="s1-t5" name="Empty Title and Description">
<kw name="Go To Create Class Page" library="resource_createClass" type="SETUP">
<kw name="Go To" library="SeleniumLibrary">
<arg>${CLASSCREATE URL}</arg>
<doc>Navigates the current browser window to the provided ``url``.</doc>
<msg timestamp="20210521 17:53:17.874" level="INFO">Opening url 'http://localhost:7272/createClass.html'</msg>
<status status="PASS" starttime="20210521 17:53:17.874" endtime="20210521 17:53:17.890"/>
</kw>
<kw name="Create Class Page Should Be Open" library="resource_createClass">
<kw name="Title Should Be" library="SeleniumLibrary">
<arg>Create Class Page</arg>
<doc>Verifies that the current page title equals ``title``.</doc>
<msg timestamp="20210521 17:53:17.890" level="INFO">Page title is 'Create Class Page'.</msg>
<status status="PASS" starttime="20210521 17:53:17.890" endtime="20210521 17:53:17.890"/>
</kw>
<status status="PASS" starttime="20210521 17:53:17.890" endtime="20210521 17:53:17.890"/>
</kw>
<status status="PASS" starttime="20210521 17:53:17.874" endtime="20210521 17:53:17.905"/>
</kw>
<kw name="Login With Invalid Credentials Should Fail">
<arg>${EMPTY}</arg>
<arg>${EMPTY}</arg>
<arg>${VALID DIFFICULTY}</arg>
<arg>${VALID LANGUAGE}</arg>
<kw name="Input Title" library="resource_createClass">
<arg>${title}</arg>
<kw name="Input Text" library="SeleniumLibrary">
<arg>title_field</arg>
<arg>${title}</arg>
<doc>Types the given ``text`` into the text field identified by ``locator``.</doc>
<msg timestamp="20210521 17:53:17.905" level="INFO">Typing text '' into text field 'title_field'.</msg>
<status status="PASS" starttime="20210521 17:53:17.905" endtime="20210521 17:53:17.921"/>
</kw>
<status status="PASS" starttime="20210521 17:53:17.905" endtime="20210521 17:53:17.921"/>
</kw>
<kw name="Input Description" library="resource_createClass">
<arg>${description}</arg>
<kw name="Input Text" library="SeleniumLibrary">
<arg>description_field</arg>
<arg>${description}</arg>
<doc>Types the given ``text`` into the text field identified by ``locator``.</doc>
<msg timestamp="20210521 17:53:17.921" level="INFO">Typing text '' into text field 'description_field'.</msg>
<status status="PASS" starttime="20210521 17:53:17.921" endtime="20210521 17:53:17.921"/>
</kw>
<status status="PASS" starttime="20210521 17:53:17.921" endtime="20210521 17:53:17.921"/>
</kw>
<kw name="Select Difficulty" library="resource_createClass">
<arg>${difficulty}</arg>
<kw name="Select From List By Value" library="SeleniumLibrary">
<arg>difficulty_field</arg>
<arg>${difficulty}</arg>
<doc>Selects options from selection list ``locator`` by ``values``.</doc>
<msg timestamp="20210521 17:53:17.921" level="INFO">Selecting options from selection list 'difficulty_field' by value 1.</msg>
<status status="PASS" starttime="20210521 17:53:17.921" endtime="20210521 17:53:18.159"/>
</kw>
<status status="PASS" starttime="20210521 17:53:17.921" endtime="20210521 17:53:18.159"/>
</kw>
<kw name="Select Language" library="resource_createClass">
<arg>${language}</arg>
<kw name="Select From List By Value" library="SeleniumLibrary">
<arg>language_field</arg>
<arg>${language}</arg>
<doc>Selects options from selection list ``locator`` by ``values``.</doc>
<msg timestamp="20210521 17:53:18.159" level="INFO">Selecting options from selection list 'language_field' by value 1.</msg>
<status status="PASS" starttime="20210521 17:53:18.159" endtime="20210521 17:53:18.406"/>
</kw>
<status status="PASS" starttime="20210521 17:53:18.159" endtime="20210521 17:53:18.406"/>
</kw>
<kw name="Submit Credentials" library="resource_createClass">
<kw name="Click Button" library="SeleniumLibrary">
<arg>submit_button</arg>
<doc>Clicks the button identified by ``locator``.</doc>
<msg timestamp="20210521 17:53:18.406" level="INFO">Clicking button 'submit_button'.</msg>
<status status="PASS" starttime="20210521 17:53:18.406" endtime="20210521 17:53:18.437"/>
</kw>
<status status="PASS" starttime="20210521 17:53:18.406" endtime="20210521 17:53:18.437"/>
</kw>
<kw name="Login Should Have Failed">
<kw name="Location Should Be" library="SeleniumLibrary">
<arg>${ERROR URL}</arg>
<doc>Verifies that the current URL is exactly ``url``.</doc>
<msg timestamp="20210521 17:53:18.444" level="INFO">Current location is 'http://localhost:7272/calssCreationError.html'.</msg>
<status status="PASS" starttime="20210521 17:53:18.437" endtime="20210521 17:53:18.444"/>
</kw>
<kw name="Title Should Be" library="SeleniumLibrary">
<arg>Error Page</arg>
<doc>Verifies that the current page title equals ``title``.</doc>
<msg timestamp="20210521 17:53:18.444" level="INFO">Page title is 'Error Page'.</msg>
<status status="PASS" starttime="20210521 17:53:18.444" endtime="20210521 17:53:18.444"/>
</kw>
<status status="PASS" starttime="20210521 17:53:18.437" endtime="20210521 17:53:18.444"/>
</kw>
<status status="PASS" starttime="20210521 17:53:17.905" endtime="20210521 17:53:18.444"/>
</kw>
<status status="PASS" starttime="20210521 17:53:17.874" endtime="20210521 17:53:18.444"/>
</test>
<test id="s1-t6" name="Empty Title and Difficulty">
<kw name="Go To Create Class Page" library="resource_createClass" type="SETUP">
<kw name="Go To" library="SeleniumLibrary">
<arg>${CLASSCREATE URL}</arg>
<doc>Navigates the current browser window to the provided ``url``.</doc>
<msg timestamp="20210521 17:53:18.444" level="INFO">Opening url 'http://localhost:7272/createClass.html'</msg>
<status status="PASS" starttime="20210521 17:53:18.444" endtime="20210521 17:53:18.475"/>
</kw>
<kw name="Create Class Page Should Be Open" library="resource_createClass">
<kw name="Title Should Be" library="SeleniumLibrary">
<arg>Create Class Page</arg>
<doc>Verifies that the current page title equals ``title``.</doc>
<msg timestamp="20210521 17:53:18.475" level="INFO">Page title is 'Create Class Page'.</msg>
<status status="PASS" starttime="20210521 17:53:18.475" endtime="20210521 17:53:18.475"/>
</kw>
<status status="PASS" starttime="20210521 17:53:18.475" endtime="20210521 17:53:18.475"/>
</kw>
<status status="PASS" starttime="20210521 17:53:18.444" endtime="20210521 17:53:18.475"/>
</kw>
<kw name="Login With Invalid Credentials Should Fail">
<arg>${EMPTY}</arg>
<arg>whatever</arg>
<arg>${INVALID DIFFICULTY}</arg>
<arg>${VALID LANGUAGE}</arg>
<kw name="Input Title" library="resource_createClass">
<arg>${title}</arg>
<kw name="Input Text" library="SeleniumLibrary">
<arg>title_field</arg>
<arg>${title}</arg>
<doc>Types the given ``text`` into the text field identified by ``locator``.</doc>
<msg timestamp="20210521 17:53:18.475" level="INFO">Typing text '' into text field 'title_field'.</msg>
<status status="PASS" starttime="20210521 17:53:18.475" endtime="20210521 17:53:18.491"/>
</kw>
<status status="PASS" starttime="20210521 17:53:18.475" endtime="20210521 17:53:18.491"/>
</kw>
<kw name="Input Description" library="resource_createClass">
<arg>${description}</arg>
<kw name="Input Text" library="SeleniumLibrary">
<arg>description_field</arg>
<arg>${description}</arg>
<doc>Types the given ``text`` into the text field identified by ``locator``.</doc>
<msg timestamp="20210521 17:53:18.491" level="INFO">Typing text 'whatever' into text field 'description_field'.</msg>
<status status="PASS" starttime="20210521 17:53:18.491" endtime="20210521 17:53:18.506"/>
</kw>
<status status="PASS" starttime="20210521 17:53:18.491" endtime="20210521 17:53:18.506"/>
</kw>
<kw name="Select Difficulty" library="resource_createClass">
<arg>${difficulty}</arg>
<kw name="Select From List By Value" library="SeleniumLibrary">
<arg>difficulty_field</arg>
<arg>${difficulty}</arg>
<doc>Selects options from selection list ``locator`` by ``values``.</doc>
<msg timestamp="20210521 17:53:18.506" level="INFO">Selecting options from selection list 'difficulty_field' by value 0.</msg>
<status status="PASS" starttime="20210521 17:53:18.506" endtime="20210521 17:53:18.522"/>
</kw>
<status status="PASS" starttime="20210521 17:53:18.506" endtime="20210521 17:53:18.522"/>
</kw>
<kw name="Select Language" library="resource_createClass">
<arg>${language}</arg>
<kw name="Select From List By Value" library="SeleniumLibrary">
<arg>language_field</arg>
<arg>${language}</arg>
<doc>Selects options from selection list ``locator`` by ``values``.</doc>
<msg timestamp="20210521 17:53:18.522" level="INFO">Selecting options from selection list 'language_field' by value 1.</msg>
<status status="PASS" starttime="20210521 17:53:18.522" endtime="20210521 17:53:18.776"/>
</kw>
<status status="PASS" starttime="20210521 17:53:18.522" endtime="20210521 17:53:18.776"/>
</kw>
<kw name="Submit Credentials" library="resource_createClass">
<kw name="Click Button" library="SeleniumLibrary">
<arg>submit_button</arg>
<doc>Clicks the button identified by ``locator``.</doc>
<msg timestamp="20210521 17:53:18.776" level="INFO">Clicking button 'submit_button'.</msg>
<status status="PASS" starttime="20210521 17:53:18.776" endtime="20210521 17:53:18.823"/>
</kw>
<status status="PASS" starttime="20210521 17:53:18.776" endtime="20210521 17:53:18.823"/>
</kw>
<kw name="Login Should Have Failed">
<kw name="Location Should Be" library="SeleniumLibrary">
<arg>${ERROR URL}</arg>
<doc>Verifies that the current URL is exactly ``url``.</doc>
<msg timestamp="20210521 17:53:18.823" level="INFO">Current location is 'http://localhost:7272/calssCreationError.html'.</msg>
<status status="PASS" starttime="20210521 17:53:18.823" endtime="20210521 17:53:18.823"/>
</kw>
<kw name="Title Should Be" library="SeleniumLibrary">
<arg>Error Page</arg>
<doc>Verifies that the current page title equals ``title``.</doc>
<msg timestamp="20210521 17:53:18.823" level="INFO">Page title is 'Error Page'.</msg>
<status status="PASS" starttime="20210521 17:53:18.823" endtime="20210521 17:53:18.823"/>
</kw>
<status status="PASS" starttime="20210521 17:53:18.823" endtime="20210521 17:53:18.823"/>
</kw>
<status status="PASS" starttime="20210521 17:53:18.475" endtime="20210521 17:53:18.823"/>
</kw>
<status status="PASS" starttime="20210521 17:53:18.444" endtime="20210521 17:53:18.823"/>
</test>
<test id="s1-t7" name="Empty Title and Language">
<kw name="Go To Create Class Page" library="resource_createClass" type="SETUP">
<kw name="Go To" library="SeleniumLibrary">
<arg>${CLASSCREATE URL}</arg>
<doc>Navigates the current browser window to the provided ``url``.</doc>
<msg timestamp="20210521 17:53:18.838" level="INFO">Opening url 'http://localhost:7272/createClass.html'</msg>
<status status="PASS" starttime="20210521 17:53:18.838" endtime="20210521 17:53:18.861"/>
</kw>
<kw name="Create Class Page Should Be Open" library="resource_createClass">
<kw name="Title Should Be" library="SeleniumLibrary">
<arg>Create Class Page</arg>
<doc>Verifies that the current page title equals ``title``.</doc>
<msg timestamp="20210521 17:53:18.861" level="INFO">Page title is 'Create Class Page'.</msg>
<status status="PASS" starttime="20210521 17:53:18.861" endtime="20210521 17:53:18.861"/>
</kw>
<status status="PASS" starttime="20210521 17:53:18.861" endtime="20210521 17:53:18.861"/>
</kw>
<status status="PASS" starttime="20210521 17:53:18.838" endtime="20210521 17:53:18.861"/>
</kw>
<kw name="Login With Invalid Credentials Should Fail">
<arg>${EMPTY}</arg>
<arg>whatever</arg>
<arg>${VALID DIFFICULTY}</arg>
<arg>${INVALID LANGUAGE}</arg>
<kw name="Input Title" library="resource_createClass">
<arg>${title}</arg>
<kw name="Input Text" library="SeleniumLibrary">
<arg>title_field</arg>
<arg>${title}</arg>
<doc>Types the given ``text`` into the text field identified by ``locator``.</doc>
<msg timestamp="20210521 17:53:18.876" level="INFO">Typing text '' into text field 'title_field'.</msg>
<status status="PASS" starttime="20210521 17:53:18.861" endtime="20210521 17:53:18.876"/>
</kw>
<status status="PASS" starttime="20210521 17:53:18.861" endtime="20210521 17:53:18.876"/>
</kw>
<kw name="Input Description" library="resource_createClass">
<arg>${description}</arg>
<kw name="Input Text" library="SeleniumLibrary">
<arg>description_field</arg>
<arg>${description}</arg>
<doc>Types the given ``text`` into the text field identified by ``locator``.</doc>
<msg timestamp="20210521 17:53:18.876" level="INFO">Typing text 'whatever' into text field 'description_field'.</msg>
<status status="PASS" starttime="20210521 17:53:18.876" endtime="20210521 17:53:18.892"/>
</kw>
<status status="PASS" starttime="20210521 17:53:18.876" endtime="20210521 17:53:18.892"/>
</kw>
<kw name="Select Difficulty" library="resource_createClass">
<arg>${difficulty}</arg>
<kw name="Select From List By Value" library="SeleniumLibrary">
<arg>difficulty_field</arg>
<arg>${difficulty}</arg>
<doc>Selects options from selection list ``locator`` by ``values``.</doc>
<msg timestamp="20210521 17:53:18.892" level="INFO">Selecting options from selection list 'difficulty_field' by value 1.</msg>
<status status="PASS" starttime="20210521 17:53:18.892" endtime="20210521 17:53:19.139"/>
</kw>
<status status="PASS" starttime="20210521 17:53:18.892" endtime="20210521 17:53:19.139"/>
</kw>
<kw name="Select Language" library="resource_createClass">
<arg>${language}</arg>
<kw name="Select From List By Value" library="SeleniumLibrary">
<arg>language_field</arg>
<arg>${language}</arg>
<doc>Selects options from selection list ``locator`` by ``values``.</doc>
<msg timestamp="20210521 17:53:19.146" level="INFO">Selecting options from selection list 'language_field' by value 0.</msg>
<status status="PASS" starttime="20210521 17:53:19.146" endtime="20210521 17:53:19.193"/>
</kw>
<status status="PASS" starttime="20210521 17:53:19.146" endtime="20210521 17:53:19.193"/>
</kw>
<kw name="Submit Credentials" library="resource_createClass">
<kw name="Click Button" library="SeleniumLibrary">
<arg>submit_button</arg>
<doc>Clicks the button identified by ``locator``.</doc>
<msg timestamp="20210521 17:53:19.193" level="INFO">Clicking button 'submit_button'.</msg>
<status status="PASS" starttime="20210521 17:53:19.193" endtime="20210521 17:53:19.246"/>
</kw>
<status status="PASS" starttime="20210521 17:53:19.193" endtime="20210521 17:53:19.246"/>
</kw>
<kw name="Login Should Have Failed">
<kw name="Location Should Be" library="SeleniumLibrary">
<arg>${ERROR URL}</arg>
<doc>Verifies that the current URL is exactly ``url``.</doc>
<msg timestamp="20210521 17:53:19.246" level="INFO">Current location is 'http://localhost:7272/calssCreationError.html'.</msg>
<status status="PASS" starttime="20210521 17:53:19.246" endtime="20210521 17:53:19.246"/>
</kw>
<kw name="Title Should Be" library="SeleniumLibrary">
<arg>Error Page</arg>
<doc>Verifies that the current page title equals ``title``.</doc>
<msg timestamp="20210521 17:53:19.246" level="INFO">Page title is 'Error Page'.</msg>
<status status="PASS" starttime="20210521 17:53:19.246" endtime="20210521 17:53:19.246"/>
</kw>
<status status="PASS" starttime="20210521 17:53:19.246" endtime="20210521 17:53:19.246"/>
</kw>
<status status="PASS" starttime="20210521 17:53:18.861" endtime="20210521 17:53:19.246"/>
</kw>
<status status="PASS" starttime="20210521 17:53:18.838" endtime="20210521 17:53:19.246"/>
</test>
<test id="s1-t8" name="Empty Description and Difficulty">
<kw name="Go To Create Class Page" library="resource_createClass" type="SETUP">
<kw name="Go To" library="SeleniumLibrary">
<arg>${CLASSCREATE URL}</arg>
<doc>Navigates the current browser window to the provided ``url``.</doc>
<msg timestamp="20210521 17:53:19.262" level="INFO">Opening url 'http://localhost:7272/createClass.html'</msg>
<status status="PASS" starttime="20210521 17:53:19.262" endtime="20210521 17:53:19.293"/>
</kw>
<kw name="Create Class Page Should Be Open" library="resource_createClass">
<kw name="Title Should Be" library="SeleniumLibrary">
<arg>Create Class Page</arg>
<doc>Verifies that the current page title equals ``title``.</doc>
<msg timestamp="20210521 17:53:19.293" level="INFO">Page title is 'Create Class Page'.</msg>
<status status="PASS" starttime="20210521 17:53:19.293" endtime="20210521 17:53:19.293"/>
</kw>
<status status="PASS" starttime="20210521 17:53:19.293" endtime="20210521 17:53:19.293"/>
</kw>
<status status="PASS" starttime="20210521 17:53:19.262" endtime="20210521 17:53:19.293"/>
</kw>
<kw name="Login With Invalid Credentials Should Fail">
<arg>whatever</arg>
<arg>${EMPTY}</arg>
<arg>${INVALID DIFFICULTY}</arg>
<arg>${VALID LANGUAGE}</arg>
<kw name="Input Title" library="resource_createClass">
<arg>${title}</arg>
<kw name="Input Text" library="SeleniumLibrary">
<arg>title_field</arg>
<arg>${title}</arg>
<doc>Types the given ``text`` into the text field identified by ``locator``.</doc>
<msg timestamp="20210521 17:53:19.293" level="INFO">Typing text 'whatever' into text field 'title_field'.</msg>
<status status="PASS" starttime="20210521 17:53:19.293" endtime="20210521 17:53:19.324"/>
</kw>
<status status="PASS" starttime="20210521 17:53:19.293" endtime="20210521 17:53:19.324"/>
</kw>
<kw name="Input Description" library="resource_createClass">
<arg>${description}</arg>
<kw name="Input Text" library="SeleniumLibrary">
<arg>description_field</arg>
<arg>${description}</arg>
<doc>Types the given ``text`` into the text field identified by ``locator``.</doc>
<msg timestamp="20210521 17:53:19.324" level="INFO">Typing text '' into text field 'description_field'.</msg>
<status status="PASS" starttime="20210521 17:53:19.324" endtime="20210521 17:53:19.340"/>
</kw>
<status status="PASS" starttime="20210521 17:53:19.324" endtime="20210521 17:53:19.340"/>
</kw>
<kw name="Select Difficulty" library="resource_createClass">
<arg>${difficulty}</arg>
<kw name="Select From List By Value" library="SeleniumLibrary">
<arg>difficulty_field</arg>
<arg>${difficulty}</arg>
<doc>Selects options from selection list ``locator`` by ``values``.</doc>
<msg timestamp="20210521 17:53:19.340" level="INFO">Selecting options from selection list 'difficulty_field' by value 0.</msg>
<status status="PASS" starttime="20210521 17:53:19.340" endtime="20210521 17:53:19.362"/>
</kw>
<status status="PASS" starttime="20210521 17:53:19.340" endtime="20210521 17:53:19.362"/>
</kw>
<kw name="Select Language" library="resource_createClass">
<arg>${language}</arg>
<kw name="Select From List By Value" library="SeleniumLibrary">
<arg>language_field</arg>
<arg>${language}</arg>
<doc>Selects options from selection list ``locator`` by ``values``.</doc>
<msg timestamp="20210521 17:53:19.362" level="INFO">Selecting options from selection list 'language_field' by value 1.</msg>
<status status="PASS" starttime="20210521 17:53:19.362" endtime="20210521 17:53:19.609"/>
</kw>
<status status="PASS" starttime="20210521 17:53:19.362" endtime="20210521 17:53:19.609"/>
</kw>
<kw name="Submit Credentials" library="resource_createClass">
<kw name="Click Button" library="SeleniumLibrary">
<arg>submit_button</arg>
<doc>Clicks the button identified by ``locator``.</doc>
<msg timestamp="20210521 17:53:19.609" level="INFO">Clicking button 'submit_button'.</msg>
<status status="PASS" starttime="20210521 17:53:19.609" endtime="20210521 17:53:19.647"/>
</kw>
<status status="PASS" starttime="20210521 17:53:19.609" endtime="20210521 17:53:19.647"/>
</kw>
<kw name="Login Should Have Failed">
<kw name="Location Should Be" library="SeleniumLibrary">
<arg>${ERROR URL}</arg>
<doc>Verifies that the current URL is exactly ``url``.</doc>
<msg timestamp="20210521 17:53:19.647" level="INFO">Current location is 'http://localhost:7272/calssCreationError.html'.</msg>
<status status="PASS" starttime="20210521 17:53:19.647" endtime="20210521 17:53:19.647"/>
</kw>
<kw name="Title Should Be" library="SeleniumLibrary">
<arg>Error Page</arg>
<doc>Verifies that the current page title equals ``title``.</doc>
<msg timestamp="20210521 17:53:19.647" level="INFO">Page title is 'Error Page'.</msg>
<status status="PASS" starttime="20210521 17:53:19.647" endtime="20210521 17:53:19.647"/>
</kw>
<status status="PASS" starttime="20210521 17:53:19.647" endtime="20210521 17:53:19.647"/>
</kw>
<status status="PASS" starttime="20210521 17:53:19.293" endtime="20210521 17:53:19.647"/>
</kw>
<status status="PASS" starttime="20210521 17:53:19.262" endtime="20210521 17:53:19.647"/>
</test>
<test id="s1-t9" name="Empty Description and Language">
<kw name="Go To Create Class Page" library="resource_createClass" type="SETUP">
<kw name="Go To" library="SeleniumLibrary">
<arg>${CLASSCREATE URL}</arg>
<doc>Navigates the current browser window to the provided ``url``.</doc>
<msg timestamp="20210521 17:53:19.663" level="INFO">Opening url 'http://localhost:7272/createClass.html'</msg>
<status status="PASS" starttime="20210521 17:53:19.663" endtime="20210521 17:53:19.678"/>
</kw>
<kw name="Create Class Page Should Be Open" library="resource_createClass">
<kw name="Title Should Be" library="SeleniumLibrary">
<arg>Create Class Page</arg>
<doc>Verifies that the current page title equals ``title``.</doc>
<msg timestamp="20210521 17:53:19.694" level="INFO">Page title is 'Create Class Page'.</msg>
<status status="PASS" starttime="20210521 17:53:19.678" endtime="20210521 17:53:19.694"/>
</kw>
<status status="PASS" starttime="20210521 17:53:19.678" endtime="20210521 17:53:19.694"/>
</kw>
<status status="PASS" starttime="20210521 17:53:19.663" endtime="20210521 17:53:19.694"/>
</kw>
<kw name="Login With Invalid Credentials Should Fail">
<arg>whatever</arg>
<arg>${EMPTY}</arg>
<arg>${VALID DIFFICULTY}</arg>
<arg>${INVALID LANGUAGE}</arg>
<kw name="Input Title" library="resource_createClass">
<arg>${title}</arg>
<kw name="Input Text" library="SeleniumLibrary">
<arg>title_field</arg>
<arg>${title}</arg>
<doc>Types the given ``text`` into the text field identified by ``locator``.</doc>
<msg timestamp="20210521 17:53:19.694" level="INFO">Typing text 'whatever' into text field 'title_field'.</msg>
<status status="PASS" starttime="20210521 17:53:19.694" endtime="20210521 17:53:19.710"/>
</kw>
<status status="PASS" starttime="20210521 17:53:19.694" endtime="20210521 17:53:19.710"/>
</kw>
<kw name="Input Description" library="resource_createClass">
<arg>${description}</arg>
<kw name="Input Text" library="SeleniumLibrary">
<arg>description_field</arg>
<arg>${description}</arg>
<doc>Types the given ``text`` into the text field identified by ``locator``.</doc>
<msg timestamp="20210521 17:53:19.710" level="INFO">Typing text '' into text field 'description_field'.</msg>
<status status="PASS" starttime="20210521 17:53:19.710" endtime="20210521 17:53:19.725"/>
</kw>
<status status="PASS" starttime="20210521 17:53:19.710" endtime="20210521 17:53:19.725"/>
</kw>
<kw name="Select Difficulty" library="resource_createClass">
<arg>${difficulty}</arg>
<kw name="Select From List By Value" library="SeleniumLibrary">
<arg>difficulty_field</arg>
<arg>${difficulty}</arg>
<doc>Selects options from selection list ``locator`` by ``values``.</doc>
<msg timestamp="20210521 17:53:19.725" level="INFO">Selecting options from selection list 'difficulty_field' by value 1.</msg>
<status status="PASS" starttime="20210521 17:53:19.725" endtime="20210521 17:53:19.963"/>
</kw>
<status status="PASS" starttime="20210521 17:53:19.725" endtime="20210521 17:53:19.963"/>
</kw>
<kw name="Select Language" library="resource_createClass">
<arg>${language}</arg>
<kw name="Select From List By Value" library="SeleniumLibrary">
<arg>language_field</arg>
<arg>${language}</arg>
<doc>Selects options from selection list ``locator`` by ``values``.</doc>
<msg timestamp="20210521 17:53:19.963" level="INFO">Selecting options from selection list 'language_field' by value 0.</msg>
<status status="PASS" starttime="20210521 17:53:19.963" endtime="20210521 17:53:19.978"/>
</kw>
<status status="PASS" starttime="20210521 17:53:19.963" endtime="20210521 17:53:19.978"/>
</kw>
<kw name="Submit Credentials" library="resource_createClass">
<kw name="Click Button" library="SeleniumLibrary">
<arg>submit_button</arg>
<doc>Clicks the button identified by ``locator``.</doc>
<msg timestamp="20210521 17:53:19.978" level="INFO">Clicking button 'submit_button'.</msg>
<status status="PASS" starttime="20210521 17:53:19.978" endtime="20210521 17:53:20.010"/>
</kw>
<status status="PASS" starttime="20210521 17:53:19.978" endtime="20210521 17:53:20.010"/>
</kw>
<kw name="Login Should Have Failed">
<kw name="Location Should Be" library="SeleniumLibrary">
<arg>${ERROR URL}</arg>
<doc>Verifies that the current URL is exactly ``url``.</doc>
<msg timestamp="20210521 17:53:20.010" level="INFO">Current location is 'http://localhost:7272/calssCreationError.html'.</msg>
<status status="PASS" starttime="20210521 17:53:20.010" endtime="20210521 17:53:20.010"/>
</kw>
<kw name="Title Should Be" library="SeleniumLibrary">
<arg>Error Page</arg>
<doc>Verifies that the current page title equals ``title``.</doc>
<msg timestamp="20210521 17:53:20.010" level="INFO">Page title is 'Error Page'.</msg>
<status status="PASS" starttime="20210521 17:53:20.010" endtime="20210521 17:53:20.010"/>
</kw>
<status status="PASS" starttime="20210521 17:53:20.010" endtime="20210521 17:53:20.010"/>
</kw>
<status status="PASS" starttime="20210521 17:53:19.694" endtime="20210521 17:53:20.010"/>
</kw>
<status status="PASS" starttime="20210521 17:53:19.663" endtime="20210521 17:53:20.010"/>
</test>
<test id="s1-t10" name="Empty Difficulty and Language">
<kw name="Go To Create Class Page" library="resource_createClass" type="SETUP">
<kw name="Go To" library="SeleniumLibrary">
<arg>${CLASSCREATE URL}</arg>
<doc>Navigates the current browser window to the provided ``url``.</doc>
<msg timestamp="20210521 17:53:20.025" level="INFO">Opening url 'http://localhost:7272/createClass.html'</msg>
<status status="PASS" starttime="20210521 17:53:20.025" endtime="20210521 17:53:20.047"/>
</kw>
<kw name="Create Class Page Should Be Open" library="resource_createClass">
<kw name="Title Should Be" library="SeleniumLibrary">
<arg>Create Class Page</arg>
<doc>Verifies that the current page title equals ``title``.</doc>
<msg timestamp="20210521 17:53:20.047" level="INFO">Page title is 'Create Class Page'.</msg>
<status status="PASS" starttime="20210521 17:53:20.047" endtime="20210521 17:53:20.047"/>
</kw>
<status status="PASS" starttime="20210521 17:53:20.047" endtime="20210521 17:53:20.047"/>
</kw>
<status status="PASS" starttime="20210521 17:53:20.010" endtime="20210521 17:53:20.047"/>
</kw>
<kw name="Login With Invalid Credentials Should Fail">
<arg>whatever</arg>
<arg>whatever</arg>
<arg>${INVALID DIFFICULTY}</arg>
<arg>${INVALID LANGUAGE}</arg>
<kw name="Input Title" library="resource_createClass">
<arg>${title}</arg>
<kw name="Input Text" library="SeleniumLibrary">
<arg>title_field</arg>
<arg>${title}</arg>
<doc>Types the given ``text`` into the text field identified by ``locator``.</doc>
<msg timestamp="20210521 17:53:20.047" level="INFO">Typing text 'whatever' into text field 'title_field'.</msg>
<status status="PASS" starttime="20210521 17:53:20.047" endtime="20210521 17:53:20.079"/>
</kw>
<status status="PASS" starttime="20210521 17:53:20.047" endtime="20210521 17:53:20.079"/>
</kw>
<kw name="Input Description" library="resource_createClass">
<arg>${description}</arg>
<kw name="Input Text" library="SeleniumLibrary">
<arg>description_field</arg>
<arg>${description}</arg>
<doc>Types the given ``text`` into the text field identified by ``locator``.</doc>
<msg timestamp="20210521 17:53:20.079" level="INFO">Typing text 'whatever' into text field 'description_field'.</msg>
<status status="PASS" starttime="20210521 17:53:20.079" endtime="20210521 17:53:20.094"/>
</kw>
<status status="PASS" starttime="20210521 17:53:20.079" endtime="20210521 17:53:20.094"/>
</kw>
<kw name="Select Difficulty" library="resource_createClass">
<arg>${difficulty}</arg>
<kw name="Select From List By Value" library="SeleniumLibrary">
<arg>difficulty_field</arg>
<arg>${difficulty}</arg>
<doc>Selects options from selection list ``locator`` by ``values``.</doc>
<msg timestamp="20210521 17:53:20.094" level="INFO">Selecting options from selection list 'difficulty_field' by value 0.</msg>
<status status="PASS" starttime="20210521 17:53:20.094" endtime="20210521 17:53:20.110"/>
</kw>
<status status="PASS" starttime="20210521 17:53:20.094" endtime="20210521 17:53:20.110"/>
</kw>
<kw name="Select Language" library="resource_createClass">
<arg>${language}</arg>
<kw name="Select From List By Value" library="SeleniumLibrary">
<arg>language_field</arg>
<arg>${language}</arg>
<doc>Selects options from selection list ``locator`` by ``values``.</doc>
<msg timestamp="20210521 17:53:20.110" level="INFO">Selecting options from selection list 'language_field' by value 0.</msg>
<status status="PASS" starttime="20210521 17:53:20.110" endtime="20210521 17:53:20.126"/>
</kw>
<status status="PASS" starttime="20210521 17:53:20.110" endtime="20210521 17:53:20.126"/>
</kw>
<kw name="Submit Credentials" library="resource_createClass">
<kw name="Click Button" library="SeleniumLibrary">
<arg>submit_button</arg>
<doc>Clicks the button identified by ``locator``.</doc>
<msg timestamp="20210521 17:53:20.126" level="INFO">Clicking button 'submit_button'.</msg>
<status status="PASS" starttime="20210521 17:53:20.126" endtime="20210521 17:53:20.163"/>
</kw>
<status status="PASS" starttime="20210521 17:53:20.126" endtime="20210521 17:53:20.163"/>
</kw>
<kw name="Login Should Have Failed">
<kw name="Location Should Be" library="SeleniumLibrary">
<arg>${ERROR URL}</arg>
<doc>Verifies that the current URL is exactly ``url``.</doc>
<msg timestamp="20210521 17:53:20.163" level="INFO">Current location is 'http://localhost:7272/calssCreationError.html'.</msg>
<status status="PASS" starttime="20210521 17:53:20.163" endtime="20210521 17:53:20.163"/>
</kw>
<kw name="Title Should Be" library="SeleniumLibrary">
<arg>Error Page</arg>
<doc>Verifies that the current page title equals ``title``.</doc>
<msg timestamp="20210521 17:53:20.163" level="INFO">Page title is 'Error Page'.</msg>
<status status="PASS" starttime="20210521 17:53:20.163" endtime="20210521 17:53:20.163"/>
</kw>
<status status="PASS" starttime="20210521 17:53:20.163" endtime="20210521 17:53:20.163"/>
</kw>
<status status="PASS" starttime="20210521 17:53:20.047" endtime="20210521 17:53:20.163"/>
</kw>
<status status="PASS" starttime="20210521 17:53:20.010" endtime="20210521 17:53:20.163"/>
</test>
<test id="s1-t11" name="Empty Title and Description and Difficulty">
<kw name="Go To Create Class Page" library="resource_createClass" type="SETUP">
<kw name="Go To" library="SeleniumLibrary">
<arg>${CLASSCREATE URL}</arg>
<doc>Navigates the current browser window to the provided ``url``.</doc>
<msg timestamp="20210521 17:53:20.163" level="INFO">Opening url 'http://localhost:7272/createClass.html'</msg>
<status status="PASS" starttime="20210521 17:53:20.163" endtime="20210521 17:53:20.195"/>
</kw>
<kw name="Create Class Page Should Be Open" library="resource_createClass">
<kw name="Title Should Be" library="SeleniumLibrary">
<arg>Create Class Page</arg>
<doc>Verifies that the current page title equals ``title``.</doc>
<msg timestamp="20210521 17:53:20.195" level="INFO">Page title is 'Create Class Page'.</msg>
<status status="PASS" starttime="20210521 17:53:20.195" endtime="20210521 17:53:20.195"/>
</kw>
<status status="PASS" starttime="20210521 17:53:20.195" endtime="20210521 17:53:20.195"/>
</kw>
<status status="PASS" starttime="20210521 17:53:20.163" endtime="20210521 17:53:20.195"/>
</kw>
<kw name="Login With Invalid Credentials Should Fail">
<arg>${EMPTY}</arg>
<arg>${EMPTY}</arg>
<arg>${INVALID DIFFICULTY}</arg>
<arg>${VALID LANGUAGE}</arg>
<kw name="Input Title" library="resource_createClass">
<arg>${title}</arg>
<kw name="Input Text" library="SeleniumLibrary">
<arg>title_field</arg>
<arg>${title}</arg>
<doc>Types the given ``text`` into the text field identified by ``locator``.</doc>
<msg timestamp="20210521 17:53:20.195" level="INFO">Typing text '' into text field 'title_field'.</msg>
<status status="PASS" starttime="20210521 17:53:20.195" endtime="20210521 17:53:20.210"/>
</kw>
<status status="PASS" starttime="20210521 17:53:20.195" endtime="20210521 17:53:20.210"/>
</kw>
<kw name="Input Description" library="resource_createClass">
<arg>${description}</arg>
<kw name="Input Text" library="SeleniumLibrary">
<arg>description_field</arg>
<arg>${description}</arg>
<doc>Types the given ``text`` into the text field identified by ``locator``.</doc>
<msg timestamp="20210521 17:53:20.210" level="INFO">Typing text '' into text field 'description_field'.</msg>
<status status="PASS" starttime="20210521 17:53:20.210" endtime="20210521 17:53:20.226"/>
</kw>
<status status="PASS" starttime="20210521 17:53:20.210" endtime="20210521 17:53:20.226"/>
</kw>
<kw name="Select Difficulty" library="resource_createClass">
<arg>${difficulty}</arg>
<kw name="Select From List By Value" library="SeleniumLibrary">
<arg>difficulty_field</arg>
<arg>${difficulty}</arg>
<doc>Selects options from selection list ``locator`` by ``values``.</doc>
<msg timestamp="20210521 17:53:20.226" level="INFO">Selecting options from selection list 'difficulty_field' by value 0.</msg>
<status status="PASS" starttime="20210521 17:53:20.226" endtime="20210521 17:53:20.248"/>
</kw>
<status status="PASS" starttime="20210521 17:53:20.226" endtime="20210521 17:53:20.248"/>
</kw>
<kw name="Select Language" library="resource_createClass">
<arg>${language}</arg>
<kw name="Select From List By Value" library="SeleniumLibrary">
<arg>language_field</arg>
<arg>${language}</arg>
<doc>Selects options from selection list ``locator`` by ``values``.</doc>
<msg timestamp="20210521 17:53:20.248" level="INFO">Selecting options from selection list 'language_field' by value 1.</msg>
<status status="PASS" starttime="20210521 17:53:20.248" endtime="20210521 17:53:20.495"/>
</kw>
<status status="PASS" starttime="20210521 17:53:20.248" endtime="20210521 17:53:20.495"/>
</kw>
<kw name="Submit Credentials" library="resource_createClass">
<kw name="Click Button" library="SeleniumLibrary">
<arg>submit_button</arg>
<doc>Clicks the button identified by ``locator``.</doc>
<msg timestamp="20210521 17:53:20.495" level="INFO">Clicking button 'submit_button'.</msg>
<status status="PASS" starttime="20210521 17:53:20.495" endtime="20210521 17:53:20.511"/>
</kw>
<status status="PASS" starttime="20210521 17:53:20.495" endtime="20210521 17:53:20.511"/>
</kw>
<kw name="Login Should Have Failed">
<kw name="Location Should Be" library="SeleniumLibrary">
<arg>${ERROR URL}</arg>
<doc>Verifies that the current URL is exactly ``url``.</doc>
<msg timestamp="20210521 17:53:20.527" level="INFO">Current location is 'http://localhost:7272/calssCreationError.html'.</msg>
<status status="PASS" starttime="20210521 17:53:20.511" endtime="20210521 17:53:20.527"/>
</kw>
<kw name="Title Should Be" library="SeleniumLibrary">
<arg>Error Page</arg>
<doc>Verifies that the current page title equals ``title``.</doc>
<msg timestamp="20210521 17:53:20.527" level="INFO">Page title is 'Error Page'.</msg>
<status status="PASS" starttime="20210521 17:53:20.527" endtime="20210521 17:53:20.527"/>
</kw>
<status status="PASS" starttime="20210521 17:53:20.511" endtime="20210521 17:53:20.527"/>
</kw>
<status status="PASS" starttime="20210521 17:53:20.195" endtime="20210521 17:53:20.527"/>
</kw>
<status status="PASS" starttime="20210521 17:53:20.163" endtime="20210521 17:53:20.527"/>
</test>
<test id="s1-t12" name="Empty Title and Description and Language">
<kw name="Go To Create Class Page" library="resource_createClass" type="SETUP">
<kw name="Go To" library="SeleniumLibrary">
<arg>${CLASSCREATE URL}</arg>
<doc>Navigates the current browser window to the provided ``url``.</doc>
<msg timestamp="20210521 17:53:20.527" level="INFO">Opening url 'http://localhost:7272/createClass.html'</msg>
<status status="PASS" starttime="20210521 17:53:20.527" endtime="20210521 17:53:20.549"/>
</kw>
<kw name="Create Class Page Should Be Open" library="resource_createClass">
<kw name="Title Should Be" library="SeleniumLibrary">
<arg>Create Class Page</arg>
<doc>Verifies that the current page title equals ``title``.</doc>
<msg timestamp="20210521 17:53:20.564" level="INFO">Page title is 'Create Class Page'.</msg>
<status status="PASS" starttime="20210521 17:53:20.549" endtime="20210521 17:53:20.564"/>
</kw>
<status status="PASS" starttime="20210521 17:53:20.549" endtime="20210521 17:53:20.564"/>
</kw>
<status status="PASS" starttime="20210521 17:53:20.527" endtime="20210521 17:53:20.564"/>
</kw>
<kw name="Login With Invalid Credentials Should Fail">
<arg>${EMPTY}</arg>
<arg>${EMPTY}</arg>
<arg>${VALID DIFFICULTY}</arg>
<arg>${INVALID LANGUAGE}</arg>
<kw name="Input Title" library="resource_createClass">
<arg>${title}</arg>
<kw name="Input Text" library="SeleniumLibrary">
<arg>title_field</arg>
<arg>${title}</arg>
<doc>Types the given ``text`` into the text field identified by ``locator``.</doc>
<msg timestamp="20210521 17:53:20.564" level="INFO">Typing text '' into text field 'title_field'.</msg>
<status status="PASS" starttime="20210521 17:53:20.564" endtime="20210521 17:53:20.564"/>
</kw>
<status status="PASS" starttime="20210521 17:53:20.564" endtime="20210521 17:53:20.564"/>
</kw>
<kw name="Input Description" library="resource_createClass">
<arg>${description}</arg>
<kw name="Input Text" library="SeleniumLibrary">
<arg>description_field</arg>
<arg>${description}</arg>
<doc>Types the given ``text`` into the text field identified by ``locator``.</doc>
<msg timestamp="20210521 17:53:20.580" level="INFO">Typing text '' into text field 'description_field'.</msg>
<status status="PASS" starttime="20210521 17:53:20.580" endtime="20210521 17:53:20.580"/>
</kw>
<status status="PASS" starttime="20210521 17:53:20.564" endtime="20210521 17:53:20.580"/>
</kw>
<kw name="Select Difficulty" library="resource_createClass">
<arg>${difficulty}</arg>
<kw name="Select From List By Value" library="SeleniumLibrary">
<arg>difficulty_field</arg>
<arg>${difficulty}</arg>
<doc>Selects options from selection list ``locator`` by ``values``.</doc>
<msg timestamp="20210521 17:53:20.580" level="INFO">Selecting options from selection list 'difficulty_field' by value 1.</msg>
<status status="PASS" starttime="20210521 17:53:20.580" endtime="20210521 17:53:20.812"/>
</kw>
<status status="PASS" starttime="20210521 17:53:20.580" endtime="20210521 17:53:20.812"/>
</kw>
<kw name="Select Language" library="resource_createClass">
<arg>${language}</arg>
<kw name="Select From List By Value" library="SeleniumLibrary">
<arg>language_field</arg>
<arg>${language}</arg>
<doc>Selects options from selection list ``locator`` by ``values``.</doc>
<msg timestamp="20210521 17:53:20.812" level="INFO">Selecting options from selection list 'language_field' by value 0.</msg>
<status status="PASS" starttime="20210521 17:53:20.812" endtime="20210521 17:53:20.850"/>
</kw>
<status status="PASS" starttime="20210521 17:53:20.812" endtime="20210521 17:53:20.850"/>
</kw>
<kw name="Submit Credentials" library="resource_createClass">
<kw name="Click Button" library="SeleniumLibrary">
<arg>submit_button</arg>
<doc>Clicks the button identified by ``locator``.</doc>
<msg timestamp="20210521 17:53:20.850" level="INFO">Clicking button 'submit_button'.</msg>
<status status="PASS" starttime="20210521 17:53:20.850" endtime="20210521 17:53:20.896"/>
</kw>
<status status="PASS" starttime="20210521 17:53:20.850" endtime="20210521 17:53:20.896"/>
</kw>
<kw name="Login Should Have Failed">
<kw name="Location Should Be" library="SeleniumLibrary">
<arg>${ERROR URL}</arg>
<doc>Verifies that the current URL is exactly ``url``.</doc>
<msg timestamp="20210521 17:53:20.896" level="INFO">Current location is 'http://localhost:7272/calssCreationError.html'.</msg>
<status status="PASS" starttime="20210521 17:53:20.896" endtime="20210521 17:53:20.896"/>
</kw>
<kw name="Title Should Be" library="SeleniumLibrary">
<arg>Error Page</arg>
<doc>Verifies that the current page title equals ``title``.</doc>
<msg timestamp="20210521 17:53:20.896" level="INFO">Page title is 'Error Page'.</msg>
<status status="PASS" starttime="20210521 17:53:20.896" endtime="20210521 17:53:20.896"/>
</kw>
<status status="PASS" starttime="20210521 17:53:20.896" endtime="20210521 17:53:20.896"/>
</kw>
<status status="PASS" starttime="20210521 17:53:20.564" endtime="20210521 17:53:20.896"/>
</kw>
<status status="PASS" starttime="20210521 17:53:20.527" endtime="20210521 17:53:20.896"/>
</test>
<test id="s1-t13" name="Empty Title and Difficulty and Language">
<kw name="Go To Create Class Page" library="resource_createClass" type="SETUP">
<kw name="Go To" library="SeleniumLibrary">
<arg>${CLASSCREATE URL}</arg>
<doc>Navigates the current browser window to the provided ``url``.</doc>
<msg timestamp="20210521 17:53:20.896" level="INFO">Opening url 'http://localhost:7272/createClass.html'</msg>
<status status="PASS" starttime="20210521 17:53:20.896" endtime="20210521 17:53:20.928"/>
</kw>
<kw name="Create Class Page Should Be Open" library="resource_createClass">
<kw name="Title Should Be" library="SeleniumLibrary">
<arg>Create Class Page</arg>
<doc>Verifies that the current page title equals ``title``.</doc>
<msg timestamp="20210521 17:53:20.928" level="INFO">Page title is 'Create Class Page'.</msg>
<status status="PASS" starttime="20210521 17:53:20.928" endtime="20210521 17:53:20.928"/>
</kw>
<status status="PASS" starttime="20210521 17:53:20.928" endtime="20210521 17:53:20.928"/>
</kw>
<status status="PASS" starttime="20210521 17:53:20.896" endtime="20210521 17:53:20.928"/>
</kw>
<kw name="Login With Invalid Credentials Should Fail">
<arg>${EMPTY}</arg>
<arg>whatever</arg>
<arg>${INVALID DIFFICULTY}</arg>
<arg>${INVALID LANGUAGE}</arg>
<kw name="Input Title" library="resource_createClass">
<arg>${title}</arg>
<kw name="Input Text" library="SeleniumLibrary">
<arg>title_field</arg>
<arg>${title}</arg>
<doc>Types the given ``text`` into the text field identified by ``locator``.</doc>
<msg timestamp="20210521 17:53:20.928" level="INFO">Typing text '' into text field 'title_field'.</msg>
<status status="PASS" starttime="20210521 17:53:20.928" endtime="20210521 17:53:20.943"/>
</kw>
<status status="PASS" starttime="20210521 17:53:20.928" endtime="20210521 17:53:20.943"/>
</kw>
<kw name="Input Description" library="resource_createClass">
<arg>${description}</arg>
<kw name="Input Text" library="SeleniumLibrary">
<arg>description_field</arg>
<arg>${description}</arg>
<doc>Types the given ``text`` into the text field identified by ``locator``.</doc>
<msg timestamp="20210521 17:53:20.943" level="INFO">Typing text 'whatever' into text field 'description_field'.</msg>
<status status="PASS" starttime="20210521 17:53:20.943" endtime="20210521 17:53:20.950"/>
</kw>
<status status="PASS" starttime="20210521 17:53:20.943" endtime="20210521 17:53:20.950"/>
</kw>
<kw name="Select Difficulty" library="resource_createClass">
<arg>${difficulty}</arg>
<kw name="Select From List By Value" library="SeleniumLibrary">
<arg>difficulty_field</arg>
<arg>${difficulty}</arg>
<doc>Selects options from selection list ``locator`` by ``values``.</doc>
<msg timestamp="20210521 17:53:20.950" level="INFO">Selecting options from selection list 'difficulty_field' by value 0.</msg>
<status status="PASS" starttime="20210521 17:53:20.950" endtime="20210521 17:53:20.965"/>
</kw>
<status status="PASS" starttime="20210521 17:53:20.950" endtime="20210521 17:53:20.965"/>
</kw>
<kw name="Select Language" library="resource_createClass">
<arg>${language}</arg>
<kw name="Select From List By Value" library="SeleniumLibrary">
<arg>language_field</arg>
<arg>${language}</arg>
<doc>Selects options from selection list ``locator`` by ``values``.</doc>
<msg timestamp="20210521 17:53:20.965" level="INFO">Selecting options from selection list 'language_field' by value 0.</msg>
<status status="PASS" starttime="20210521 17:53:20.965" endtime="20210521 17:53:20.981"/>
</kw>
<status status="PASS" starttime="20210521 17:53:20.965" endtime="20210521 17:53:20.981"/>
</kw>
<kw name="Submit Credentials" library="resource_createClass">
<kw name="Click Button" library="SeleniumLibrary">
<arg>submit_button</arg>
<doc>Clicks the button identified by ``locator``.</doc>
<msg timestamp="20210521 17:53:20.981" level="INFO">Clicking button 'submit_button'.</msg>
<status status="PASS" starttime="20210521 17:53:20.981" endtime="20210521 17:53:21.012"/>
</kw>
<status status="PASS" starttime="20210521 17:53:20.981" endtime="20210521 17:53:21.012"/>
</kw>
<kw name="Login Should Have Failed">
<kw name="Location Should Be" library="SeleniumLibrary">
<arg>${ERROR URL}</arg>
<doc>Verifies that the current URL is exactly ``url``.</doc>
<msg timestamp="20210521 17:53:21.012" level="INFO">Current location is 'http://localhost:7272/calssCreationError.html'.</msg>
<status status="PASS" starttime="20210521 17:53:21.012" endtime="20210521 17:53:21.012"/>
</kw>
<kw name="Title Should Be" library="SeleniumLibrary">
<arg>Error Page</arg>
<doc>Verifies that the current page title equals ``title``.</doc>
<msg timestamp="20210521 17:53:21.028" level="INFO">Page title is 'Error Page'.</msg>
<status status="PASS" starttime="20210521 17:53:21.012" endtime="20210521 17:53:21.028"/>
</kw>
<status status="PASS" starttime="20210521 17:53:21.012" endtime="20210521 17:53:21.028"/>
</kw>
<status status="PASS" starttime="20210521 17:53:20.928" endtime="20210521 17:53:21.028"/>
</kw>
<status status="PASS" starttime="20210521 17:53:20.896" endtime="20210521 17:53:21.028"/>
</test>
<test id="s1-t14" name="Empty Description and Difficulty and Language">
<kw name="Go To Create Class Page" library="resource_createClass" type="SETUP">
<kw name="Go To" library="SeleniumLibrary">
<arg>${CLASSCREATE URL}</arg>
<doc>Navigates the current browser window to the provided ``url``.</doc>
<msg timestamp="20210521 17:53:21.028" level="INFO">Opening url 'http://localhost:7272/createClass.html'</msg>
<status status="PASS" starttime="20210521 17:53:21.028" endtime="20210521 17:53:21.050"/>
</kw>
<kw name="Create Class Page Should Be Open" library="resource_createClass">
<kw name="Title Should Be" library="SeleniumLibrary">
<arg>Create Class Page</arg>
<doc>Verifies that the current page title equals ``title``.</doc>
<msg timestamp="20210521 17:53:21.050" level="INFO">Page title is 'Create Class Page'.</msg>
<status status="PASS" starttime="20210521 17:53:21.050" endtime="20210521 17:53:21.050"/>
</kw>
<status status="PASS" starttime="20210521 17:53:21.050" endtime="20210521 17:53:21.050"/>
</kw>
<status status="PASS" starttime="20210521 17:53:21.028" endtime="20210521 17:53:21.050"/>
</kw>
<kw name="Login With Invalid Credentials Should Fail">
<arg>whatever</arg>
<arg>${EMPTY}</arg>
<arg>${INVALID DIFFICULTY}</arg>
<arg>${INVALID LANGUAGE}</arg>
<kw name="Input Title" library="resource_createClass">
<arg>${title}</arg>
<kw name="Input Text" library="SeleniumLibrary">
<arg>title_field</arg>
<arg>${title}</arg>
<doc>Types the given ``text`` into the text field identified by ``locator``.</doc>
<msg timestamp="20210521 17:53:21.066" level="INFO">Typing text 'whatever' into text field 'title_field'.</msg>
<status status="PASS" starttime="20210521 17:53:21.066" endtime="20210521 17:53:21.081"/>
</kw>
<status status="PASS" starttime="20210521 17:53:21.066" endtime="20210521 17:53:21.081"/>
</kw>
<kw name="Input Description" library="resource_createClass">
<arg>${description}</arg>
<kw name="Input Text" library="SeleniumLibrary">
<arg>description_field</arg>
<arg>${description}</arg>
<doc>Types the given ``text`` into the text field identified by ``locator``.</doc>
<msg timestamp="20210521 17:53:21.081" level="INFO">Typing text '' into text field 'description_field'.</msg>
<status status="PASS" starttime="20210521 17:53:21.081" endtime="20210521 17:53:21.081"/>
</kw>
<status status="PASS" starttime="20210521 17:53:21.081" endtime="20210521 17:53:21.081"/>
</kw>
<kw name="Select Difficulty" library="resource_createClass">
<arg>${difficulty}</arg>
<kw name="Select From List By Value" library="SeleniumLibrary">
<arg>difficulty_field</arg>
<arg>${difficulty}</arg>
<doc>Selects options from selection list ``locator`` by ``values``.</doc>
<msg timestamp="20210521 17:53:21.081" level="INFO">Selecting options from selection list 'difficulty_field' by value 0.</msg>
<status status="PASS" starttime="20210521 17:53:21.081" endtime="20210521 17:53:21.097"/>
</kw>
<status status="PASS" starttime="20210521 17:53:21.081" endtime="20210521 17:53:21.097"/>
</kw>
<kw name="Select Language" library="resource_createClass">
<arg>${language}</arg>
<kw name="Select From List By Value" library="SeleniumLibrary">
<arg>language_field</arg>
<arg>${language}</arg>
<doc>Selects options from selection list ``locator`` by ``values``.</doc>
<msg timestamp="20210521 17:53:21.097" level="INFO">Selecting options from selection list 'language_field' by value 0.</msg>
<status status="PASS" starttime="20210521 17:53:21.097" endtime="20210521 17:53:21.113"/>
</kw>
<status status="PASS" starttime="20210521 17:53:21.097" endtime="20210521 17:53:21.113"/>
</kw>
<kw name="Submit Credentials" library="resource_createClass">
<kw name="Click Button" library="SeleniumLibrary">
<arg>submit_button</arg>
<doc>Clicks the button identified by ``locator``.</doc>
<msg timestamp="20210521 17:53:21.128" level="INFO">Clicking button 'submit_button'.</msg>
<status status="PASS" starttime="20210521 17:53:21.113" endtime="20210521 17:53:21.150"/>
</kw>
<status status="PASS" starttime="20210521 17:53:21.113" endtime="20210521 17:53:21.150"/>
</kw>
<kw name="Login Should Have Failed">
<kw name="Location Should Be" library="SeleniumLibrary">
<arg>${ERROR URL}</arg>
<doc>Verifies that the current URL is exactly ``url``.</doc>
<msg timestamp="20210521 17:53:21.150" level="INFO">Current location is 'http://localhost:7272/calssCreationError.html'.</msg>
<status status="PASS" starttime="20210521 17:53:21.150" endtime="20210521 17:53:21.150"/>
</kw>
<kw name="Title Should Be" library="SeleniumLibrary">
<arg>Error Page</arg>
<doc>Verifies that the current page title equals ``title``.</doc>
<msg timestamp="20210521 17:53:21.150" level="INFO">Page title is 'Error Page'.</msg>
<status status="PASS" starttime="20210521 17:53:21.150" endtime="20210521 17:53:21.150"/>
</kw>
<status status="PASS" starttime="20210521 17:53:21.150" endtime="20210521 17:53:21.150"/>
</kw>
<status status="PASS" starttime="20210521 17:53:21.050" endtime="20210521 17:53:21.150"/>
</kw>
<status status="PASS" starttime="20210521 17:53:21.028" endtime="20210521 17:53:21.150"/>
</test>
<test id="s1-t15" name="Empty Title and Description and Difficulty and Language">
<kw name="Go To Create Class Page" library="resource_createClass" type="SETUP">
<kw name="Go To" library="SeleniumLibrary">
<arg>${CLASSCREATE URL}</arg>
<doc>Navigates the current browser window to the provided ``url``.</doc>
<msg timestamp="20210521 17:53:21.150" level="INFO">Opening url 'http://localhost:7272/createClass.html'</msg>
<status status="PASS" starttime="20210521 17:53:21.150" endtime="20210521 17:53:21.182"/>
</kw>
<kw name="Create Class Page Should Be Open" library="resource_createClass">
<kw name="Title Should Be" library="SeleniumLibrary">
<arg>Create Class Page</arg>
<doc>Verifies that the current page title equals ``title``.</doc>
<msg timestamp="20210521 17:53:21.182" level="INFO">Page title is 'Create Class Page'.</msg>
<status status="PASS" starttime="20210521 17:53:21.182" endtime="20210521 17:53:21.182"/>
</kw>
<status status="PASS" starttime="20210521 17:53:21.182" endtime="20210521 17:53:21.182"/>
</kw>
<status status="PASS" starttime="20210521 17:53:21.150" endtime="20210521 17:53:21.182"/>
</kw>
<kw name="Login With Invalid Credentials Should Fail">
<arg>${EMPTY}</arg>
<arg>${EMPTY}</arg>
<arg>${INVALID DIFFICULTY}</arg>
<arg>${INVALID LANGUAGE}</arg>
<kw name="Input Title" library="resource_createClass">
<arg>${title}</arg>
<kw name="Input Text" library="SeleniumLibrary">
<arg>title_field</arg>
<arg>${title}</arg>
<doc>Types the given ``text`` into the text field identified by ``locator``.</doc>
<msg timestamp="20210521 17:53:21.182" level="INFO">Typing text '' into text field 'title_field'.</msg>
<status status="PASS" starttime="20210521 17:53:21.182" endtime="20210521 17:53:21.197"/>
</kw>
<status status="PASS" starttime="20210521 17:53:21.182" endtime="20210521 17:53:21.197"/>
</kw>
<kw name="Input Description" library="resource_createClass">
<arg>${description}</arg>
<kw name="Input Text" library="SeleniumLibrary">
<arg>description_field</arg>
<arg>${description}</arg>
<doc>Types the given ``text`` into the text field identified by ``locator``.</doc>
<msg timestamp="20210521 17:53:21.197" level="INFO">Typing text '' into text field 'description_field'.</msg>
<status status="PASS" starttime="20210521 17:53:21.197" endtime="20210521 17:53:21.213"/>
</kw>
<status status="PASS" starttime="20210521 17:53:21.197" endtime="20210521 17:53:21.213"/>
</kw>
<kw name="Select Difficulty" library="resource_createClass">
<arg>${difficulty}</arg>
<kw name="Select From List By Value" library="SeleniumLibrary">
<arg>difficulty_field</arg>
<arg>${difficulty}</arg>
<doc>Selects options from selection list ``locator`` by ``values``.</doc>
<msg timestamp="20210521 17:53:21.213" level="INFO">Selecting options from selection list 'difficulty_field' by value 0.</msg>
<status status="PASS" starttime="20210521 17:53:21.213" endtime="20210521 17:53:21.228"/>
</kw>
<status status="PASS" starttime="20210521 17:53:21.213" endtime="20210521 17:53:21.228"/>
</kw>
<kw name="Select Language" library="resource_createClass">
<arg>${language}</arg>
<kw name="Select From List By Value" library="SeleniumLibrary">
<arg>language_field</arg>
<arg>${language}</arg>
<doc>Selects options from selection list ``locator`` by ``values``.</doc>
<msg timestamp="20210521 17:53:21.228" level="INFO">Selecting options from selection list 'language_field' by value 0.</msg>
<status status="PASS" starttime="20210521 17:53:21.228" endtime="20210521 17:53:21.244"/>
</kw>
<status status="PASS" starttime="20210521 17:53:21.228" endtime="20210521 17:53:21.244"/>
</kw>
<kw name="Submit Credentials" library="resource_createClass">
<kw name="Click Button" library="SeleniumLibrary">
<arg>submit_button</arg>
<doc>Clicks the button identified by ``locator``.</doc>
<msg timestamp="20210521 17:53:21.251" level="INFO">Clicking button 'submit_button'.</msg>
<status status="PASS" starttime="20210521 17:53:21.244" endtime="20210521 17:53:21.266"/>
</kw>
<status status="PASS" starttime="20210521 17:53:21.244" endtime="20210521 17:53:21.282"/>
</kw>
<kw name="Login Should Have Failed">
<kw name="Location Should Be" library="SeleniumLibrary">
<arg>${ERROR URL}</arg>
<doc>Verifies that the current URL is exactly ``url``.</doc>
<msg timestamp="20210521 17:53:21.282" level="INFO">Current location is 'http://localhost:7272/calssCreationError.html'.</msg>
<status status="PASS" starttime="20210521 17:53:21.282" endtime="20210521 17:53:21.282"/>
</kw>
<kw name="Title Should Be" library="SeleniumLibrary">
<arg>Error Page</arg>
<doc>Verifies that the current page title equals ``title``.</doc>
<msg timestamp="20210521 17:53:21.282" level="INFO">Page title is 'Error Page'.</msg>
<status status="PASS" starttime="20210521 17:53:21.282" endtime="20210521 17:53:21.282"/>
</kw>
<status status="PASS" starttime="20210521 17:53:21.282" endtime="20210521 17:53:21.282"/>
</kw>
<status status="PASS" starttime="20210521 17:53:21.182" endtime="20210521 17:53:21.282"/>
</kw>
<status status="PASS" starttime="20210521 17:53:21.150" endtime="20210521 17:53:21.282"/>
</test>
<kw name="Close Browser" library="SeleniumLibrary" type="TEARDOWN">
<doc>Closes the current browser.</doc>
<status status="PASS" starttime="20210521 17:53:21.282" endtime="20210521 17:53:22.493"/>
</kw>
<doc>A test suite containing tests related to invalid login.

These tests are data-driven by their nature. They use a single
keyword, specified with Test Template setting, that is called
with different arguments to cover different scenarios.

This suite also demonstrates using setups and teardowns in
different levels.</doc>
<status status="PASS" starttime="20210521 17:53:08.855" endtime="20210521 17:53:22.493"/>
</suite>
<statistics>
<total>
<stat pass="15" fail="0" skip="0">All Tests</stat>
</total>
<tag>
</tag>
<suite>
<stat pass="15" fail="0" skip="0" id="s1" name="invalid createClass">invalid createClass</stat>
</suite>
</statistics>
<errors>
</errors>
</robot>
